Flutter crash report; please file at https://github.com/flutter/flutter/issues.

## command

flutter run

## exception

String: Exit code -6 from: /Users/ashishaggarwal/Desktop/projects/flutter/animal/vcareanimal/android/gradlew -v:
1

```
#0      runCheckedAsync (package:flutter_tools/src/base/process.dart:249)
<asynchronous suspension>
#1      _initializeGradle (package:flutter_tools/src/android/gradle.dart:180)
<asynchronous suspension>
#2      _ensureGradle (package:flutter_tools/src/android/gradle.dart:162)
<asynchronous suspension>
#3      _readGradleProject (package:flutter_tools/src/android/gradle.dart:97)
<asynchronous suspension>
#4      _gradleProject (package:flutter_tools/src/android/gradle.dart:90)
<asynchronous suspension>
#5      getGradleAppOut (package:flutter_tools/src/android/gradle.dart:84)
<asynchronous suspension>
#6      AndroidApk.fromCurrentDirectory (package:flutter_tools/src/application_package.dart:88)
<asynchronous suspension>
#7      getApplicationPackageForPlatform (package:flutter_tools/src/application_package.dart:272)
<asynchronous suspension>
#8      FlutterDevice.runHot (package:flutter_tools/src/resident_runner.dart:269)
<asynchronous suspension>
#9      HotRunner.run (package:flutter_tools/src/run_hot.dart:216)
<asynchronous suspension>
#10     RunCommand.runCommand (package:flutter_tools/src/commands/run.dart:395)
<asynchronous suspension>
#11     FlutterCommand.verifyThenRunCommand (package:flutter_tools/src/runner/flutter_command.dart:344)
<asynchronous suspension>
#12     FlutterCommand.run.<anonymous closure> (package:flutter_tools/src/runner/flutter_command.dart:279)
<asynchronous suspension>
#13     AppContext.run.<anonymous closure> (package:flutter_tools/src/base/context.dart:142)
<asynchronous suspension>
#14     _rootRun (dart:async/zone.dart:1126)
#15     _CustomZone.run (dart:async/zone.dart:1023)
#16     runZoned (dart:async/zone.dart:1501)
#17     AppContext.run (package:flutter_tools/src/base/context.dart:141)
<asynchronous suspension>
#18     FlutterCommand.run (package:flutter_tools/src/runner/flutter_command.dart:270)
#19     CommandRunner.runCommand (package:args/command_runner.dart:194)
<asynchronous suspension>
#20     FlutterCommandRunner.runCommand.<anonymous closure> (package:flutter_tools/src/runner/flutter_command_runner.dart:309)
<asynchronous suspension>
#21     AppContext.run.<anonymous closure> (package:flutter_tools/src/base/context.dart:142)
<asynchronous suspension>
#22     _rootRun (dart:async/zone.dart:1126)
#23     _CustomZone.run (dart:async/zone.dart:1023)
#24     runZoned (dart:async/zone.dart:1501)
#25     AppContext.run (package:flutter_tools/src/base/context.dart:141)
<asynchronous suspension>
#26     FlutterCommandRunner.runCommand (package:flutter_tools/src/runner/flutter_command_runner.dart:265)
<asynchronous suspension>
#27     CommandRunner.run.<anonymous closure> (package:args/command_runner.dart:109)
#28     new Future.sync (dart:async/future.dart:222)
#29     CommandRunner.run (package:args/command_runner.dart:109)
#30     FlutterCommandRunner.run (package:flutter_tools/src/runner/flutter_command_runner.dart:174)
#31     run.<anonymous closure> (package:flutter_tools/runner.dart:59)
<asynchronous suspension>
#32     AppContext.run.<anonymous closure> (package:flutter_tools/src/base/context.dart:142)
<asynchronous suspension>
#33     _rootRun (dart:async/zone.dart:1126)
#34     _CustomZone.run (dart:async/zone.dart:1023)
#35     runZoned (dart:async/zone.dart:1501)
#36     AppContext.run (package:flutter_tools/src/base/context.dart:141)
<asynchronous suspension>
#37     runInContext (package:flutter_tools/src/context_runner.dart:43)
<asynchronous suspension>
#38     run (package:flutter_tools/runner.dart:50)
#39     main (package:flutter_tools/executable.dart:49)
<asynchronous suspension>
#40     main (file:///Users/ashishaggarwal/flutter/packages/flutter_tools/bin/flutter_tools.dart:8)
#41     _startIsolate.<anonymous closure> (dart:isolate-patch/dart:isolate/isolate_patch.dart:277)
#42     _RawReceivePortImpl._handleMessage (dart:isolate-patch/dart:isolate/isolate_patch.dart:165)
```

## flutter doctor

```
[✓] Flutter (Channel beta, v0.5.1, on Mac OS X 10.13.2 17C88, locale en-IN)
    • Flutter version 0.5.1 at /Users/ashishaggarwal/flutter
    • Framework revision c7ea3ca377 (9 weeks ago), 2018-05-29 21:07:33 +0200
    • Engine revision 1ed25ca7b7
    • Dart version 2.0.0-dev.58.0.flutter-f981f09760

[✓] Android toolchain - develop for Android devices (Android SDK 28.0.1)
    • Android SDK at /Users/ashishaggarwal/Library/Android/sdk
    • Android NDK location not configured (optional; useful for native profiling support)
    • Platform android-28, build-tools 28.0.1
    • Java binary at: /Applications/Android Studio.app/Contents/jre/jdk/Contents/Home/bin/java
    • Java version OpenJDK Runtime Environment (build 1.8.0_152-release-1024-b01)
    • All Android licenses accepted.

[✓] iOS toolchain - develop for iOS devices (Xcode 9.2)
    • Xcode at /Applications/Xcode.app/Contents/Developer
    • Xcode 9.2, Build version 9C40b
    • ios-deploy 1.9.2
    • CocoaPods version 1.5.3

[✓] Android Studio (version 3.1)
    • Android Studio at /Applications/Android Studio.app/Contents
    ✗ Flutter plugin not installed; this adds Flutter specific functionality.
    • Dart plugin version 173.4700
    • Java version OpenJDK Runtime Environment (build 1.8.0_152-release-1024-b01)

[✓] Connected devices (1 available)
    • Android SDK built for x86 • emulator-5554 • android-x86 • Android 9 (API 28) (emulator)

• No issues found!
```
